08/10/2021 10:41:56 simple_example DEBUG This message should go to the log file
08/10/2021 10:41:57 simple_example INFO So should this
08/10/2021 10:41:57 simple_example WARNING And this, too
08/10/2021 10:41:57 simple_example ERROR This one will send an email and go to the file, with non-ASCII stuff, too, like Øresund and Malmö
08/10/2021 10:42:10 simple_example ERROR Test Error
08/10/2021 10:42:13 simple_example ERROR Test Error
Traceback (most recent call last):
  File "logging_test.py", line 42, in <module>
    raise ValueError("Test Error")
ValueError: Test Error
08/10/2021 13:27:38 simple_example DEBUG This message should go to the log file
08/10/2021 13:27:38 simple_example INFO So should this
08/10/2021 13:27:38 simple_example WARNING And this, too
08/10/2021 13:27:38 simple_example ERROR This one will send an email and go to the file, with non-ASCII stuff, too, like Øresund and Malmö
08/10/2021 13:27:38 simple_example ERROR Test Error
08/10/2021 13:27:38 simple_example ERROR A fatal error occurred: Test Error
Traceback (most recent call last):
  File "logging_test.py", line 42, in <module>
    raise ValueError("Test Error")
ValueError: Test Error
