08/09/2021 18:11:14 simple_example WARNING And this, too
08/09/2021 18:11:14 simple_example ERROR And non-ASCII stuff, too, like Øresund and Malmö
08/09/2021 18:11:14 simple_example ERROR Test Error
08/09/2021 18:11:14 simple_example ERROR Test Error
Traceback (most recent call last):
  File "logging_test.py", line 39, in <module>
    raise ValueError("Test Error")
ValueError: Test Error
08/09/2021 18:11:14 simple_example.level_2 WARNING And this, too
08/09/2021 18:11:14 simple_example.level_2 ERROR And non-ASCII stuff, too, like Øresund and Malmö
08/09/2021 18:11:14 simple_example.level_2 ERROR Test Error
08/09/2021 18:11:14 simple_example.level_2 ERROR Test Error
Traceback (most recent call last):
  File "C:\Users\Vignesh\Desktop\cowin-slot-notifier\rough-scripts\logging_test_2.py", line 34, in do_something
    raise ValueError("Test Error")
ValueError: Test Error
